<?xml version="1.0" encoding="UTF-8"?>
<testng-results skipped="0" failed="0" ignored="4" total="7" passed="3">
  <reporter-output>
    <line>
      <![CDATA[        2018-11-05 09:37:44): [Test]-"MerchantInfoInsert" is started]]>
    </line>
    <line>
      <![CDATA[                2018-11-05 09:37:44: [Method]-"LoginPageTest.testLogin" is started]]>
    </line>
    <line>
      <![CDATA[                2018-11-05 09:37:50: [Method]-"LoginPageTest.testLogin" is passed]]>
    </line>
    <line>
      <![CDATA[                2018-11-05 09:37:52: [Method]-"CooperatingAgentInfoPageTest.testCooperatingAgencyInfo" is started]]>
    </line>
    <line>
      <![CDATA[                2018-11-05 09:38:06: [Method]-"CooperatingAgentInfoPageTest.testCooperatingAgencyInfo" is passed]]>
    </line>
    <line>
      <![CDATA[        2018-11-05 09:38:14): [Test]-"MerchantInfoInsert" is finished]]>
    </line>
  </reporter-output>
  <suite name="SuiteOperationPlatform" duration-ms="30745" started-at="2018-11-05T01:37:44Z" finished-at="2018-11-05T01:38:14Z">
    <groups>
    </groups>
    <test name="MerchantInfoInsert" duration-ms="30745" started-at="2018-11-05T01:37:44Z" finished-at="2018-11-05T01:38:14Z">
      <class name="com.dy.AutoTest.web.actions.SingletonSet">
        <test-method status="PASS" signature="init(java.lang.String, java.lang.String)[pri:0, instance:com.dy.AutoTest.web.actions.SingletonSet@2f177a4b]" name="init" is-config="true" duration-ms="3374" started-at="2018-11-05T01:37:40Z" finished-at="2018-11-05T01:37:44Z">
          <params>
            <param index="0">
              <value>
                <![CDATA[chrome]]>
              </value>
            </param>
            <param index="1">
              <value>
                <![CDATA[pop_uat]]>
              </value>
            </param>
          </params>
          <reporter-output>
          </reporter-output>
        </test-method> <!-- init -->
        <test-method status="PASS" signature="releaseBrowser()[pri:0, instance:com.dy.AutoTest.web.actions.SingletonSet@2f177a4b]" name="releaseBrowser" is-config="true" duration-ms="2703" started-at="2018-11-05T01:38:14Z" finished-at="2018-11-05T01:38:17Z">
          <reporter-output>
          </reporter-output>
        </test-method> <!-- releaseBrowser -->
      </class> <!-- com.dy.AutoTest.web.actions.SingletonSet -->
      <class name="com.dy.AutoTest.OperationPlatform.TestCases.LoginPageTest">
        <test-method status="PASS" signature="BeforeTest(org.testng.ITestContext)[pri:0, instance:com.dy.AutoTest.OperationPlatform.TestCases.LoginPageTest@4278a03f]" name="BeforeTest" is-config="true" duration-ms="2" started-at="2018-11-05T01:37:44Z" finished-at="2018-11-05T01:37:44Z">
          <params>
            <param index="0">
              <value>
                <![CDATA[org.testng.TestRunner@7d9ba6c]]>
              </value>
            </param>
          </params>
          <reporter-output>
            <line>
              <![CDATA[        2018-11-05 09:37:44): [Test]-"MerchantInfoInsert" is started]]>
            </line>
          </reporter-output>
        </test-method> <!-- BeforeTest -->
        <test-method status="PASS" signature="beforeClass()[pri:0, instance:com.dy.AutoTest.OperationPlatform.TestCases.LoginPageTest@4278a03f]" name="beforeClass" is-config="true" duration-ms="0" started-at="2018-11-05T01:37:44Z" finished-at="2018-11-05T01:37:44Z">
          <reporter-output>
          </reporter-output>
        </test-method> <!-- beforeClass -->
        <test-method status="PASS" signature="init()[pri:0, instance:com.dy.AutoTest.OperationPlatform.TestCases.LoginPageTest@4278a03f]" name="init" is-config="true" duration-ms="2" started-at="2018-11-05T01:37:44Z" finished-at="2018-11-05T01:37:44Z">
          <reporter-output>
          </reporter-output>
        </test-method> <!-- init -->
        <test-method status="PASS" signature="beforeMethod(java.lang.reflect.Method)[pri:0, instance:com.dy.AutoTest.OperationPlatform.TestCases.LoginPageTest@4278a03f]" name="beforeMethod" is-config="true" duration-ms="1" started-at="2018-11-05T01:37:44Z" finished-at="2018-11-05T01:37:44Z">
          <params>
            <param index="0">
              <value>
                <![CDATA[public void com.dy.AutoTest.OperationPlatform.TestCases.LoginPageTest.testLogin(java.lang.String)]]>
              </value>
            </param>
          </params>
          <reporter-output>
            <line>
              <![CDATA[                2018-11-05 09:37:44: [Method]-"LoginPageTest.testLogin" is started]]>
            </line>
          </reporter-output>
        </test-method> <!-- beforeMethod -->
        <test-method status="PASS" signature="testLogin(java.lang.String)[pri:0, instance:com.dy.AutoTest.OperationPlatform.TestCases.LoginPageTest@4278a03f]" name="testLogin" duration-ms="5984" started-at="2018-11-05T01:37:44Z" finished-at="2018-11-05T01:37:50Z">
          <params>
            <param index="0">
              <value>
                <![CDATA[T00105]]>
              </value>
            </param>
          </params>
          <reporter-output>
          </reporter-output>
        </test-method> <!-- testLogin -->
        <test-method status="PASS" signature="afterMethod(org.testng.ITestResult)[pri:0, instance:com.dy.AutoTest.OperationPlatform.TestCases.LoginPageTest@4278a03f]" name="afterMethod" is-config="true" duration-ms="2001" started-at="2018-11-05T01:37:50Z" finished-at="2018-11-05T01:37:52Z">
          <params>
            <param index="0">
              <value>
                <![CDATA[[TestResult name=testLogin status=SUCCESS method=LoginPageTest.testLogin(java.lang.String)[pri:0, instance:com.dy.AutoTest.OperationPlatform.TestCases.LoginPageTest@4278a03f] output={null}]]]>
              </value>
            </param>
          </params>
          <reporter-output>
            <line>
              <![CDATA[                2018-11-05 09:37:50: [Method]-"LoginPageTest.testLogin" is passed]]>
            </line>
          </reporter-output>
        </test-method> <!-- afterMethod -->
        <test-method status="PASS" signature="AfterTest(org.testng.ITestContext)[pri:0, instance:com.dy.AutoTest.OperationPlatform.TestCases.LoginPageTest@4278a03f]" name="AfterTest" is-config="true" duration-ms="0" started-at="2018-11-05T01:38:14Z" finished-at="2018-11-05T01:38:14Z">
          <params>
            <param index="0">
              <value>
                <![CDATA[org.testng.TestRunner@7d9ba6c]]>
              </value>
            </param>
          </params>
          <reporter-output>
            <line>
              <![CDATA[        2018-11-05 09:38:14): [Test]-"MerchantInfoInsert" is finished]]>
            </line>
          </reporter-output>
        </test-method> <!-- AfterTest -->
      </class> <!-- com.dy.AutoTest.OperationPlatform.TestCases.LoginPageTest -->
      <class name="com.dy.AutoTest.OperationPlatform.TestCases.MainMenuPageTest">
        <test-method status="PASS" signature="init()[pri:0, instance:com.dy.AutoTest.OperationPlatform.TestCases.MainMenuPageTest@61dd025]" name="init" is-config="true" duration-ms="2" started-at="2018-11-05T01:38:08Z" finished-at="2018-11-05T01:38:08Z">
          <reporter-output>
          </reporter-output>
        </test-method> <!-- init -->
        <test-method status="PASS" signature="testQuit()[pri:0, instance:com.dy.AutoTest.OperationPlatform.TestCases.MainMenuPageTest@61dd025]" name="testQuit" duration-ms="5613" started-at="2018-11-05T01:38:08Z" finished-at="2018-11-05T01:38:13Z">
          <reporter-output>
          </reporter-output>
        </test-method> <!-- testQuit -->
        <test-method status="PASS" signature="releaseBrowser()[pri:0, instance:com.dy.AutoTest.OperationPlatform.TestCases.MainMenuPageTest@61dd025]" name="releaseBrowser" is-config="true" duration-ms="1000" started-at="2018-11-05T01:38:13Z" finished-at="2018-11-05T01:38:14Z">
          <reporter-output>
          </reporter-output>
        </test-method> <!-- releaseBrowser -->
      </class> <!-- com.dy.AutoTest.OperationPlatform.TestCases.MainMenuPageTest -->
      <class name="com.dy.AutoTest.OnlineCashier.TestCases.cooperatingagent.agentinfo.CooperatingAgentInfoPageTest">
        <test-method status="PASS" signature="init()[pri:0, instance:com.dy.AutoTest.OnlineCashier.TestCases.cooperatingagent.agentinfo.CooperatingAgentInfoPageTest@147ed70f]" name="init" is-config="true" duration-ms="2" started-at="2018-11-05T01:37:52Z" finished-at="2018-11-05T01:37:52Z">
          <reporter-output>
          </reporter-output>
        </test-method> <!-- init -->
        <test-method status="PASS" signature="beforeClass()[pri:0, instance:com.dy.AutoTest.OnlineCashier.TestCases.cooperatingagent.agentinfo.CooperatingAgentInfoPageTest@147ed70f]" name="beforeClass" is-config="true" duration-ms="0" started-at="2018-11-05T01:37:52Z" finished-at="2018-11-05T01:37:52Z">
          <reporter-output>
          </reporter-output>
        </test-method> <!-- beforeClass -->
        <test-method status="PASS" signature="beforeMethod(java.lang.reflect.Method)[pri:0, instance:com.dy.AutoTest.OnlineCashier.TestCases.cooperatingagent.agentinfo.CooperatingAgentInfoPageTest@147ed70f]" name="beforeMethod" is-config="true" duration-ms="1" started-at="2018-11-05T01:37:52Z" finished-at="2018-11-05T01:37:52Z">
          <params>
            <param index="0">
              <value>
                <![CDATA[public void com.dy.AutoTest.OnlineCashier.TestCases.cooperatingagent.agentinfo.CooperatingAgentInfoPageTest.testCooperatingAgencyInfo(com.dy.AutoTest.OnlineCashier.POJO.CooperatingAgentInfoBean)]]>
              </value>
            </param>
          </params>
          <reporter-output>
            <line>
              <![CDATA[                2018-11-05 09:37:52: [Method]-"CooperatingAgentInfoPageTest.testCooperatingAgencyInfo" is started]]>
            </line>
          </reporter-output>
        </test-method> <!-- beforeMethod -->
        <test-method status="PASS" signature="testCooperatingAgencyInfo(com.dy.AutoTest.OnlineCashier.POJO.CooperatingAgentInfoBean)[pri:0, instance:com.dy.AutoTest.OnlineCashier.TestCases.cooperatingagent.agentinfo.CooperatingAgentInfoPageTest@147ed70f]" name="testCooperatingAgencyInfo" duration-ms="14109" started-at="2018-11-05T01:37:52Z" data-provider="cooperatingAgencyInfo" finished-at="2018-11-05T01:38:06Z">
          <params>
            <param index="0">
              <value>
                <![CDATA[com.dy.AutoTest.OnlineCashier.POJO.CooperatingAgentInfoBean@5f4d427e]]>
              </value>
            </param>
          </params>
          <reporter-output>
          </reporter-output>
        </test-method> <!-- testCooperatingAgencyInfo -->
        <test-method status="PASS" signature="afterMethod(org.testng.ITestResult)[pri:0, instance:com.dy.AutoTest.OnlineCashier.TestCases.cooperatingagent.agentinfo.CooperatingAgentInfoPageTest@147ed70f]" name="afterMethod" is-config="true" duration-ms="2002" started-at="2018-11-05T01:38:06Z" finished-at="2018-11-05T01:38:08Z">
          <params>
            <param index="0">
              <value>
                <![CDATA[[TestResult name=testCooperatingAgencyInfo status=SUCCESS method=CooperatingAgentInfoPageTest.testCooperatingAgencyInfo(com.dy.AutoTest.OnlineCashier.POJO.CooperatingAgentInfoBean)[pri:0, instance:com.dy.AutoTest.OnlineCashier.TestCases.cooperatingagent.agentinfo.CooperatingAgentInfoPageTest@147ed70f] output={null}]]]>
              </value>
            </param>
          </params>
          <reporter-output>
            <line>
              <![CDATA[                2018-11-05 09:38:06: [Method]-"CooperatingAgentInfoPageTest.testCooperatingAgencyInfo" is passed]]>
            </line>
          </reporter-output>
        </test-method> <!-- afterMethod -->
      </class> <!-- com.dy.AutoTest.OnlineCashier.TestCases.cooperatingagent.agentinfo.CooperatingAgentInfoPageTest -->
    </test> <!-- MerchantInfoInsert -->
  </suite> <!-- SuiteOperationPlatform -->
</testng-results>
