<?xml version="1.0" encoding="UTF-8"?>
<!-- Generated by org.testng.reporters.JUnitXMLReporter -->
<testsuite hostname="DESKTOP-H55P5P4" ignored="4" name="MerchantInfoInsert" tests="3" failures="0" timestamp="31 十月 2018 07:50:20 GMT" time="19.102" errors="0">
  <testcase name="testLogin" time="4.657" classname="com.dy.AutoTest.OperationPlatform.TestCases.LoginPageTest"/>
  <testcase name="testCooperatingRouteInfo" time="3.844" classname="com.dy.AutoTest.OperationPlatform.TestCases.cooperatingagent.routeinfo.CooperatingRouteInfoPageTest"/>
  <testcase name="testQuit" time="5.564" classname="com.dy.AutoTest.OperationPlatform.TestCases.MainMenuPageTest"/>
  <testcase name="testMechantInfoInsert" time="0.0" classname="com.dy.AutoTest.OperationPlatform.TestCases.MainMenuPageTest">
    <ignored/>
  </testcase> <!-- testMechantInfoInsert -->
  <testcase name="@BeforeTest BeforeTest" time="0.0" classname="com.dy.AutoTest.OperationPlatform.TestCases.SuperTest">
    <ignored/>
  </testcase> <!-- @BeforeTest BeforeTest -->
  <testcase name="@AfterTest AfterTest" time="0.0" classname="com.dy.AutoTest.OperationPlatform.TestCases.SuperTest">
    <ignored/>
  </testcase> <!-- @AfterTest AfterTest -->
  <testcase name="testGetCurrentAccountantDate" time="0.0" classname="com.dy.AutoTest.OperationPlatform.TestCases.MainMenuPageTest">
    <ignored/>
  </testcase> <!-- testGetCurrentAccountantDate -->
</testsuite> <!-- MerchantInfoInsert -->
